Using pre-set license
Built from '2020.3/staging' branch; Version is '2020.3.26f1 (7298b473bc1a) revision 7510196'; Using compiler version '192528614'; Build Type 'Release'
OS: 'Windows 10  (10.0.19042) 64bit Enterprise' Language: 'en' Physical Memory: 65249 MB
BatchMode: 1, IsHumanControllingUs: 0, StartBugReporterOnCrash: 0, Is64bit: 1, IsPro: 0

COMMAND LINE ARGUMENTS:
C:\Program Files\Unity\Hub\Editor\2020.3.26f1\Editor\Unity.exe
-adb2
-batchMode
-noUpm
-name
AssetImportWorker0
-projectPath
C:/Users/20935927/Documents/Masters-Case-Study/Unity-Environments/VR_DT_CaseStudy
-logFile
Logs/AssetImportWorker0.log
-srvPort
56425
Successfully changed project path to: C:/Users/20935927/Documents/Masters-Case-Study/Unity-Environments/VR_DT_CaseStudy
C:/Users/20935927/Documents/Masters-Case-Study/Unity-Environments/VR_DT_CaseStudy
Using Asset Import Pipeline V2.
Refreshing native plugins compatible for Editor in 76.90 ms, found 11 plugins.
Preloading 0 native plugins for Editor in 0.00 ms.
Initialize engine version: 2020.3.26f1 (7298b473bc1a)
[Subsystems] Discovering subsystems at path C:/Program Files/Unity/Hub/Editor/2020.3.26f1/Editor/Data/Resources/UnitySubsystems
[Subsystems] Discovering subsystems at path C:/Users/20935927/Documents/Masters-Case-Study/Unity-Environments/VR_DT_CaseStudy/Assets
GfxDevice: creating device client; threaded=0
Direct3D:
    Version:  Direct3D 11.0 [level 11.1]
    Renderer: NVIDIA GeForce RTX 2060 SUPER (ID=0x1f06)
    Vendor:   
    VRAM:     8031 MB
    Driver:   30.0.14.7212
Initialize mono
Mono path[0] = 'C:/Program Files/Unity/Hub/Editor/2020.3.26f1/Editor/Data/Managed'
Mono path[1] = 'C:/Program Files/Unity/Hub/Editor/2020.3.26f1/Editor/Data/MonoBleedingEdge/lib/mono/unityjit'
Mono config path = 'C:/Program Files/Unity/Hub/Editor/2020.3.26f1/Editor/Data/MonoBleedingEdge/etc'
Using monoOptions --debugger-agent=transport=dt_socket,embedding=1,server=y,suspend=n,address=127.0.0.1:56612
Begin MonoManager ReloadAssembly
Registering precompiled unity dll's ...
Register platform support module: C:/Program Files/Unity/Hub/Editor/2020.3.26f1/Editor/Data/PlaybackEngines/WindowsStandaloneSupport/UnityEditor.WindowsStandalone.Extensions.dll
Registered in 0.002543 seconds.
Native extension for WindowsStandalone target not found
Refreshing native plugins compatible for Editor in 64.27 ms, found 11 plugins.
Preloading 0 native plugins for Editor in 0.00 ms.
Mono: successfully reloaded assembly
- Completed reload, in  0.569 seconds
Domain Reload Profiling:
	ReloadAssembly (569ms)
		BeginReloadAssembly (49ms)
			ExecutionOrderSort (0ms)
			DisableScriptedObjects (0ms)
			BackupInstance (0ms)
			ReleaseScriptingObjects (0ms)
			CreateAndSetChildDomain (1ms)
		EndReloadAssembly (452ms)
			LoadAssemblies (47ms)
			RebuildTransferFunctionScriptingTraits (0ms)
			SetupTypeCache (135ms)
			ReleaseScriptCaches (0ms)
			RebuildScriptCaches (30ms)
			SetupLoadedEditorAssemblies (187ms)
				LogAssemblyErrors (0ms)
				InitializePlatformSupportModulesInManaged (4ms)
				SetLoadedEditorAssemblies (0ms)
				RefreshPlugins (64ms)
				BeforeProcessingInitializeOnLoad (16ms)
				ProcessInitializeOnLoadAttributes (76ms)
				ProcessInitializeOnLoadMethodAttributes (25ms)
				AfterProcessingInitializeOnLoad (0ms)
				EditorAssembliesLoaded (0ms)
			ExecutionOrderSort2 (0ms)
			AwakeInstancesAfterBackupRestoration (0ms)
Platform modules already initialized, skipping
Registering precompiled user dll's ...
Registered in 0.015706 seconds.
Begin MonoManager ReloadAssembly
Native extension for WindowsStandalone target not found
Refreshing native plugins compatible for Editor in 61.35 ms, found 11 plugins.
Preloading 0 native plugins for Editor in 0.00 ms.
Mono: successfully reloaded assembly
- Completed reload, in  1.789 seconds
Domain Reload Profiling:
	ReloadAssembly (1790ms)
		BeginReloadAssembly (335ms)
			ExecutionOrderSort (0ms)
			DisableScriptedObjects (4ms)
			BackupInstance (0ms)
			ReleaseScriptingObjects (0ms)
			CreateAndSetChildDomain (37ms)
		EndReloadAssembly (1183ms)
			LoadAssemblies (321ms)
			RebuildTransferFunctionScriptingTraits (0ms)
			SetupTypeCache (343ms)
			ReleaseScriptCaches (0ms)
			RebuildScriptCaches (70ms)
			SetupLoadedEditorAssemblies (437ms)
				LogAssemblyErrors (0ms)
				InitializePlatformSupportModulesInManaged (4ms)
				SetLoadedEditorAssemblies (0ms)
				RefreshPlugins (61ms)
				BeforeProcessingInitializeOnLoad (102ms)
				ProcessInitializeOnLoadAttributes (249ms)
				ProcessInitializeOnLoadMethodAttributes (13ms)
				AfterProcessingInitializeOnLoad (8ms)
				EditorAssembliesLoaded (0ms)
			ExecutionOrderSort2 (0ms)
			AwakeInstancesAfterBackupRestoration (6ms)
Platform modules already initialized, skipping
========================================================================
Worker process is ready to serve import requests
Launched and connected shader compiler UnityShaderCompiler.exe after 0.06 seconds
Refreshing native plugins compatible for Editor in 1.00 ms, found 11 plugins.
Preloading 0 native plugins for Editor in 0.00 ms.
Unloading 3103 Unused Serialized files (Serialized files now loaded: 0)
System memory in use before: 128.1 MB.
System memory in use after: 128.3 MB.

Unloading 83 unused Assets to reduce memory usage. Loaded Objects now: 3483.
Total: 3.156800 ms (FindLiveObjects: 0.232600 ms CreateObjectMapping: 0.145700 ms MarkObjects: 2.705100 ms  DeleteObjects: 0.072500 ms)

AssetImportParameters requested are different than current active one (requested -> active):
  custom:framework-win-MediaFoundation: 216162199b28c13a410421893ffa2e32 -> 
  custom:video-decoder-ogg-theora: a1e56fd34408186e4bbccfd4996cb3dc -> 
  custom:container-muxer-webm: aa71ff27fc2769a1b78a27578f13a17b -> 
  custom:container-demuxer-webm: 4f35f7cbe854078d1ac9338744f61a02 -> 
  custom:container-demuxer-ogg: 62fdf1f143b41e24485cea50d1cbac27 -> 
  custom:video-encoder-webm-vp8: eb34c28f22e8b96e1ab97ce403110664 -> 
  custom:video-codec-MediaFoundation-h265: 746d11721c4dcdbdad8f713fa42b33f4 -> 
  custom:video-decoder-webm-vp8: 9c59270c3fd7afecdb556c50c9e8de78 -> 
  custom:audio-decoder-ogg-vorbis: bf7c407c2cedff20999df2af8eb42d56 -> 
  custom:audio-encoder-webm-vorbis: bf7c407c2cedff20999df2af8eb42d56 -> 
========================================================================
Received Import Request.
  path: Assets/Prefab/PrecinctEnergyVisual.prefab
  artifactKey: Guid(4a10afcda95a144438517d2c1808a23a) Importer(815301076,1909f56bfc062723c751e8b465ee728b)
Start importing Assets/Prefab/PrecinctEnergyVisual.prefab using Guid(4a10afcda95a144438517d2c1808a23a) Importer(815301076,1909f56bfc062723c751e8b465ee728b)  -> (artifact id: 'c8fb40a20b3f8b98e2397a4a69b859ad') in 0.097444 seconds 
  Import took 0.102040 seconds .

========================================================================
Received Import Request.
  Time since last request: 0.000154 seconds.
  path: Assets/Prefab/CampusEnergyVisual.prefab
  artifactKey: Guid(8e09c31ffb6c2344a9c0ade8c6f600cc) Importer(815301076,1909f56bfc062723c751e8b465ee728b)
Start importing Assets/Prefab/CampusEnergyVisual.prefab using Guid(8e09c31ffb6c2344a9c0ade8c6f600cc) Importer(815301076,1909f56bfc062723c751e8b465ee728b)  -> (artifact id: '8421b53c098812e8a260a7b69a38441c') in 0.014865 seconds 
  Import took 0.019218 seconds .

========================================================================
Received Import Request.
  Time since last request: 0.000164 seconds.
  path: Assets/Prefab/XR Origin.prefab
  artifactKey: Guid(29f204eee1757ac4fb6dedc6a6c5dd27) Importer(815301076,1909f56bfc062723c751e8b465ee728b)
Start importing Assets/Prefab/XR Origin.prefab using Guid(29f204eee1757ac4fb6dedc6a6c5dd27) Importer(815301076,1909f56bfc062723c751e8b465ee728b)  -> (artifact id: '3124be9efa8afc1c691a7e90f99a12ed') in 0.192991 seconds 
  Import took 0.198158 seconds .

========================================================================
Received Import Request.
  Time since last request: 0.000138 seconds.
  path: Assets/Prefab/BuildingEnergyVisual.prefab
  artifactKey: Guid(bbc6eb0e367f2d54ab0016f76fde23e6) Importer(815301076,1909f56bfc062723c751e8b465ee728b)
Start importing Assets/Prefab/BuildingEnergyVisual.prefab using Guid(bbc6eb0e367f2d54ab0016f76fde23e6) Importer(815301076,1909f56bfc062723c751e8b465ee728b)  -> (artifact id: 'f4b6e6cfd800b3624fb27dc7e0826d20') in 0.016392 seconds 
  Import took 0.020494 seconds .

========================================================================
Received Import Request.
  Time since last request: 0.000147 seconds.
  path: Assets/Prefab/VisualInfo.prefab
  artifactKey: Guid(00504c77d5696604997205a63b4267a6) Importer(815301076,1909f56bfc062723c751e8b465ee728b)
Start importing Assets/Prefab/VisualInfo.prefab using Guid(00504c77d5696604997205a63b4267a6) Importer(815301076,1909f56bfc062723c751e8b465ee728b)  -> (artifact id: '834dfd979f4932aaa683257d58ba04ee') in 0.010229 seconds 
  Import took 0.015958 seconds .

========================================================================
Received Import Request.
  Time since last request: 0.000137 seconds.
  path: Assets/Prefab/UI.prefab
  artifactKey: Guid(bb61332a5c405e8458ba68114ac6bd1c) Importer(815301076,1909f56bfc062723c751e8b465ee728b)
Start importing Assets/Prefab/UI.prefab using Guid(bb61332a5c405e8458ba68114ac6bd1c) Importer(815301076,1909f56bfc062723c751e8b465ee728b)  -> (artifact id: 'f968536fd3dd31fb375aa87c2ac3ed2b') in 0.038547 seconds 
  Import took 0.044362 seconds .

========================================================================
Received Import Request.
  Time since last request: 0.000198 seconds.
  path: Assets/Resources/ServiceGatewayCommunicationConfiguration.csv
  artifactKey: Guid(e623418fb539e0748a56bdc4b9b2c24f) Importer(815301076,1909f56bfc062723c751e8b465ee728b)
Start importing Assets/Resources/ServiceGatewayCommunicationConfiguration.csv using Guid(e623418fb539e0748a56bdc4b9b2c24f) Importer(815301076,1909f56bfc062723c751e8b465ee728b)  -> (artifact id: 'a425a267a73dec72d1d33cde679b459a') in 0.010560 seconds 
  Import took 0.015369 seconds .

========================================================================
Received Prepare
Registering precompiled user dll's ...
Registered in 0.018201 seconds.
Begin MonoManager ReloadAssembly
Native extension for WindowsStandalone target not found
Refreshing native plugins compatible for Editor in 1.66 ms, found 11 plugins.
Preloading 0 native plugins for Editor in 0.00 ms.
Mono: successfully reloaded assembly
- Completed reload, in  1.548 seconds
Domain Reload Profiling:
	ReloadAssembly (1549ms)
		BeginReloadAssembly (405ms)
			ExecutionOrderSort (0ms)
			DisableScriptedObjects (15ms)
			BackupInstance (0ms)
			ReleaseScriptingObjects (0ms)
			CreateAndSetChildDomain (111ms)
		EndReloadAssembly (1036ms)
			LoadAssemblies (218ms)
			RebuildTransferFunctionScriptingTraits (0ms)
			SetupTypeCache (343ms)
			ReleaseScriptCaches (1ms)
			RebuildScriptCaches (49ms)
			SetupLoadedEditorAssemblies (422ms)
				LogAssemblyErrors (0ms)
				InitializePlatformSupportModulesInManaged (4ms)
				SetLoadedEditorAssemblies (1ms)
				RefreshPlugins (2ms)
				BeforeProcessingInitializeOnLoad (126ms)
				ProcessInitializeOnLoadAttributes (269ms)
				ProcessInitializeOnLoadMethodAttributes (12ms)
				AfterProcessingInitializeOnLoad (8ms)
				EditorAssembliesLoaded (0ms)
			ExecutionOrderSort2 (0ms)
			AwakeInstancesAfterBackupRestoration (6ms)
Platform modules already initialized, skipping
Refreshing native plugins compatible for Editor in 1.04 ms, found 11 plugins.
Preloading 0 native plugins for Editor in 0.00 ms.
Unloading 3054 Unused Serialized files (Serialized files now loaded: 0)
System memory in use before: 128.3 MB.
System memory in use after: 128.5 MB.

Unloading 84 unused Assets to reduce memory usage. Loaded Objects now: 3496.
Total: 3.147800 ms (FindLiveObjects: 0.219800 ms CreateObjectMapping: 0.137700 ms MarkObjects: 2.727800 ms  DeleteObjects: 0.061800 ms)

AssetImportParameters requested are different than current active one (requested -> active):
  custom:framework-win-MediaFoundation: 216162199b28c13a410421893ffa2e32 -> 
  custom:video-decoder-ogg-theora: a1e56fd34408186e4bbccfd4996cb3dc -> 
  custom:container-muxer-webm: aa71ff27fc2769a1b78a27578f13a17b -> 
  custom:container-demuxer-webm: 4f35f7cbe854078d1ac9338744f61a02 -> 
  custom:container-demuxer-ogg: 62fdf1f143b41e24485cea50d1cbac27 -> 
  custom:video-encoder-webm-vp8: eb34c28f22e8b96e1ab97ce403110664 -> 
  custom:video-codec-MediaFoundation-h265: 746d11721c4dcdbdad8f713fa42b33f4 -> 
  custom:video-decoder-webm-vp8: 9c59270c3fd7afecdb556c50c9e8de78 -> 
  custom:audio-decoder-ogg-vorbis: bf7c407c2cedff20999df2af8eb42d56 -> 
  custom:audio-encoder-webm-vorbis: bf7c407c2cedff20999df2af8eb42d56 -> 
========================================================================
Received Prepare
Registering precompiled user dll's ...
Registered in 0.016564 seconds.
Begin MonoManager ReloadAssembly
Native extension for WindowsStandalone target not found
Refreshing native plugins compatible for Editor in 1.21 ms, found 11 plugins.
Preloading 0 native plugins for Editor in 0.00 ms.
Mono: successfully reloaded assembly
- Completed reload, in  1.067 seconds
Domain Reload Profiling:
	ReloadAssembly (1068ms)
		BeginReloadAssembly (113ms)
			ExecutionOrderSort (0ms)
			DisableScriptedObjects (4ms)
			BackupInstance (0ms)
			ReleaseScriptingObjects (0ms)
			CreateAndSetChildDomain (33ms)
		EndReloadAssembly (895ms)
			LoadAssemblies (92ms)
			RebuildTransferFunctionScriptingTraits (0ms)
			SetupTypeCache (301ms)
			ReleaseScriptCaches (1ms)
			RebuildScriptCaches (44ms)
			SetupLoadedEditorAssemblies (351ms)
				LogAssemblyErrors (0ms)
				InitializePlatformSupportModulesInManaged (4ms)
				SetLoadedEditorAssemblies (1ms)
				RefreshPlugins (1ms)
				BeforeProcessingInitializeOnLoad (92ms)
				ProcessInitializeOnLoadAttributes (235ms)
				ProcessInitializeOnLoadMethodAttributes (11ms)
				AfterProcessingInitializeOnLoad (7ms)
				EditorAssembliesLoaded (0ms)
			ExecutionOrderSort2 (0ms)
			AwakeInstancesAfterBackupRestoration (6ms)
Platform modules already initialized, skipping
Refreshing native plugins compatible for Editor in 1.36 ms, found 11 plugins.
Preloading 0 native plugins for Editor in 0.00 ms.
Unloading 3054 Unused Serialized files (Serialized files now loaded: 0)
System memory in use before: 128.3 MB.
System memory in use after: 128.6 MB.

Unloading 76 unused Assets to reduce memory usage. Loaded Objects now: 3499.
Total: 3.104500 ms (FindLiveObjects: 0.244100 ms CreateObjectMapping: 0.177600 ms MarkObjects: 2.650100 ms  DeleteObjects: 0.031800 ms)

AssetImportParameters requested are different than current active one (requested -> active):
  custom:framework-win-MediaFoundation: 216162199b28c13a410421893ffa2e32 -> 
  custom:video-decoder-ogg-theora: a1e56fd34408186e4bbccfd4996cb3dc -> 
  custom:container-muxer-webm: aa71ff27fc2769a1b78a27578f13a17b -> 
  custom:container-demuxer-webm: 4f35f7cbe854078d1ac9338744f61a02 -> 
  custom:container-demuxer-ogg: 62fdf1f143b41e24485cea50d1cbac27 -> 
  custom:video-encoder-webm-vp8: eb34c28f22e8b96e1ab97ce403110664 -> 
  custom:video-codec-MediaFoundation-h265: 746d11721c4dcdbdad8f713fa42b33f4 -> 
  custom:video-decoder-webm-vp8: 9c59270c3fd7afecdb556c50c9e8de78 -> 
  custom:audio-decoder-ogg-vorbis: bf7c407c2cedff20999df2af8eb42d56 -> 
  custom:audio-encoder-webm-vorbis: bf7c407c2cedff20999df2af8eb42d56 -> 
AssetImportWorkerClient::OnTransportError - code=2 error=End of file
