Using pre-set license
Built from '2020.3/staging' branch; Version is '2020.3.26f1 (7298b473bc1a) revision 7510196'; Using compiler version '192528614'; Build Type 'Release'
OS: 'Windows 10  (10.0.19044) 64bit CoreSingleLanguage' Language: 'en' Physical Memory: 6034 MB
BatchMode: 1, IsHumanControllingUs: 0, StartBugReporterOnCrash: 0, Is64bit: 1, IsPro: 0

COMMAND LINE ARGUMENTS:
C:\Program Files\Unity\Hub\Editor\2020.3.26f1\Editor\Unity.exe
-adb2
-batchMode
-noUpm
-name
AssetImportWorker1
-projectPath
C:/Users/User/Desktop/Masters-Case-Study/Unity-Environments/VR_DT_CaseStudy
-logFile
Logs/AssetImportWorker1.log
-srvPort
52770
Successfully changed project path to: C:/Users/User/Desktop/Masters-Case-Study/Unity-Environments/VR_DT_CaseStudy
C:/Users/User/Desktop/Masters-Case-Study/Unity-Environments/VR_DT_CaseStudy
Using Asset Import Pipeline V2.
